\BOOKMARK [1][-]{section.1}{\376\377\133\236\232\214\166\356\166\204}{}% 1
\BOOKMARK [1][-]{section.2}{\376\377\133\236\232\214\163\257\130\203}{}% 2
\BOOKMARK [1][-]{section.3}{\376\377\145\160\143\156\143\317\217\360}{}% 3
\BOOKMARK [1][-]{section.4}{\376\377\133\236\232\214\121\205\133\271\116\016\153\145\232\244}{}% 4
\BOOKMARK [2][-]{subsection.4.1}{\376\377\145\160\143\156\122\240\217\175\116\016\230\204\131\004\164\006}{section.4}% 5
\BOOKMARK [2][-]{subsection.4.2}{\376\377\177\072\131\061\145\160\143\156\176\337\213\241}{section.4}% 6
\BOOKMARK [2][-]{subsection.4.3}{\376\377\143\317\217\360\140\047\176\337\213\241\122\006\147\220}{section.4}% 7
\BOOKMARK [2][-]{subsection.4.4}{\376\377\153\143\140\001\140\047\150\300\232\214}{section.4}% 8
\BOOKMARK [2][-]{subsection.4.5}{\376\377\145\160\143\156\123\357\211\306\123\026\122\006\147\220}{section.4}% 9
\BOOKMARK [2][-]{subsection.4.6}{\376\377\166\370\121\163\140\047\122\006\147\220}{section.4}% 10
\BOOKMARK [2][-]{subsection.4.7}{\376\377\173\200\123\125\176\277\140\047\126\336\137\122\122\006\147\220}{section.4}% 11
\BOOKMARK [2][-]{subsection.4.8}{\376\377\121\166\133\203\377\014\123\357\220\011\120\132}{section.4}% 12
\BOOKMARK [1][-]{section.5}{\376\377\133\236\232\214\176\323\147\234\116\016\122\006\147\220}{}% 13
\BOOKMARK [2][-]{subsection.5.1}{\376\377\145\160\143\156\122\240\217\175\116\016\230\204\131\004\164\006\166\204\176\323\147\234\116\016\122\006\147\220}{section.5}% 14
\BOOKMARK [2][-]{subsection.5.2}{\376\377\177\072\131\061\145\160\143\156\176\337\213\241\166\204\176\323\147\234\116\016\122\006\147\220}{section.5}% 15
\BOOKMARK [2][-]{subsection.5.3}{\376\377\143\317\217\360\140\047\176\337\213\241\122\006\147\220\166\204\176\323\147\234\116\016\122\006\147\220}{section.5}% 16
\BOOKMARK [2][-]{subsection.5.4}{\376\377\153\143\140\001\140\047\150\300\232\214\166\204\176\323\147\234\116\016\122\006\147\220}{section.5}% 17
\BOOKMARK [2][-]{subsection.5.5}{\376\377\145\160\143\156\123\357\211\306\123\026\122\006\147\220\166\204\176\323\147\234\116\016\122\006\147\220}{section.5}% 18
\BOOKMARK [2][-]{subsection.5.6}{\376\377\166\370\121\163\140\047\122\006\147\220\166\204\176\323\147\234\116\016\122\006\147\220}{section.5}% 19
\BOOKMARK [2][-]{subsection.5.7}{\376\377\173\200\123\125\176\277\140\047\126\336\137\122\122\006\147\220\166\204\176\323\147\234\116\016\122\006\147\220}{section.5}% 20
\BOOKMARK [2][-]{subsection.5.8}{\376\377\124\014\145\271\135\356\116\016\137\002\145\271\135\356\166\204\176\323\147\234\116\016\122\006\147\220}{section.5}% 21
\BOOKMARK [1][-]{section.6}{\376\377\133\236\232\214\140\073\176\323}{}% 22
